"../../../Engine/Content/EditorResources/S_Actor.uasset" 0
"../../../Engine/Content/EngineResources/AICON-Red.uasset" 1
"../../../Engine/Content/EngineResources/AICON-Green.uasset" 2
"../../../Engine/Content/EngineFonts/Roboto.uasset" 3
"../../../Engine/Content/Functions/Engine_MaterialFunctions01/Shading/PowerToRoughness.uasset" 4
"../../../Engine/Content/Functions/Engine_MaterialFunctions01/Shading/ConvertFromDiffSpec.uasset" 5
"../../../Engine/Content/EngineMaterials/DefaultDiffuse.uasset" 6
"../../../Engine/Content/EngineMaterials/DefaultDeferredDecalMaterial.uasset" 7
"../../../Engine/Content/EngineMaterials/DefaultLightFunctionMaterial.uasset" 8
"../../../Engine/Content/Functions/Engine_MaterialFunctions02/Utility/BreakOutFloat2Components.uasset" 9
"../../../Engine/Content/EngineMaterials/DefaultPostProcessMaterial.uasset" 10
"../../../Engine/Content/EngineResources/DefaultTexture.uasset" 11
"../../../Engine/Content/Functions/Engine_MaterialFunctions01/Texturing/ScaleUVsByCenter.uasset" 12
"../../../Engine/Content/Functions/Engine_MaterialFunctions02/ScreenResolution.uasset" 13
"../../../Engine/Content/Functions/Engine_MaterialFunctions02/Texturing/ScreenAlignedUVs.uasset" 14
"../../../Engine/Content/EngineResources/WhiteSquareTexture.uasset" 15
"../../../Engine/Content/EngineMaterials/Widget3DPassThrough.uasset" 16
"../../../Engine/Content/EngineMaterials/Widget3DPassThrough_Translucent.uasset" 17
"../../../Engine/Content/EngineMaterials/Widget3DPassThrough_Translucent_OneSided.uasset" 18
"../../../Engine/Content/EngineMaterials/Widget3DPassThrough_Opaque.uasset" 19
"../../../Engine/Content/EngineMaterials/Widget3DPassThrough_Opaque_OneSided.uasset" 20
"../../../Engine/Content/EngineMaterials/Widget3DPassThrough_Masked.uasset" 21
"../../../Engine/Content/EngineMaterials/Widget3DPassThrough_Masked_OneSided.uasset" 22
"../../../Engine/Content/Maps/Templates/Thumbnails/Default.uasset" 23
"../../../Engine/Content/Maps/Templates/Thumbnails/VR-Basic.uasset" 24
"../../../Engine/Content/EditorMaterials/ParticleSystems/PSysThumbnail_NoImage.uasset" 25
"../../../Engine/Content/EditorMaterials/ParticleSystems/PSysThumbnail_OOD.uasset" 26
"../../../Engine/Content/EditorLandscapeResources/DataLayer.uasset" 27
"../../../Engine/Content/EngineDamageTypes/DmgTypeBP_Environmental.uasset" 28
"../../../Engine/Content/EngineMeshes/Sphere.uasset" 29
"../../../Engine/Content/EngineFonts/RobotoDistanceField.uasset" 30
"../../../Engine/Content/EngineMaterials/DefaultTextMaterialOpaque.uasset" 31
"../../../Engine/Content/EditorResources/S_Trigger.uasset" 32
"../../../Engine/Content/EngineResources/GradientTexture0.uasset" 33
"../../../Engine/Content/EngineResources/Black.uasset" 34
"../../../Engine/Content/EditorMaterials/MatineeGroups/MAT_Groups_Float.uasset" 35
"../../../Engine/Content/EditorMaterials/MatineeGroups/MAT_Groups_Director.uasset" 36
"../../../Engine/Content/EditorMaterials/MatineeGroups/MAT_Groups_Event.uasset" 37
"../../../Engine/Content/EditorMaterials/MatineeGroups/MAT_Groups_Anim.uasset" 38
"../../../Engine/Content/EditorMaterials/MatineeGroups/MAT_Groups_Fade.uasset" 39
"../../../Engine/Content/EditorMaterials/MatineeGroups/MAT_Groups_Move.uasset" 40
"../../../Engine/Content/EditorMaterials/MatineeGroups/MAT_Groups_Slomo.uasset" 41
"../../../Engine/Content/EditorMaterials/MatineeGroups/MAT_ColorTrack.uasset" 42
"../../../Engine/Content/EditorMaterials/MAT_Groups_Toggle.uasset" 43
"../../../Engine/Content/EditorMaterials/MatineeGroups/MAT_Groups_AudioMaster.uasset" 44
"../../../Engine/Content/EditorMaterials/MatineeGroups/MAT_Groups_Sound.uasset" 45
"../../../Engine/Content/EditorMaterials/MatineeGroups/MAT_Groups_Vector.uasset" 46
"../../../Engine/Content/EditorMaterials/MAT_Groups_Visibility.uasset" 47
"../../../Engine/Content/EngineResources/DefaultTextureCube.uasset" 48
"../../../Engine/Content/Functions/Engine_MaterialFunctions01/Opacity/CameraDepthFade.uasset" 49
"../../../Engine/Content/EngineMaterials/T_Default_Material_Grid_M.uasset" 50
"../../../Engine/Content/EngineMaterials/T_Default_Material_Grid_N.uasset" 51
"../../../Engine/Content/EngineMaterials/DefaultMaterial.uasset" 52
"../../../Engine/Content/EngineMeshes/Cylinder.uasset" 53
"../../../Engine/Content/EngineTireTypes/DefaultTireType.uasset" 54
"../../../Engine/Content/EditorMaterials/Camera/CineMat.uasset" 55
"../../../Engine/Content/EditorMaterials/Camera/MI_CineMat_Rig.uasset" 56
"../../../Engine/Content/EditorMeshes/Camera/SM_CraneRig_Base.uasset" 57
"../../../Engine/Content/EditorMeshes/Camera/SM_CraneRig_Arm.uasset" 58
"../../../Engine/Content/EditorMeshes/Camera/SM_CraneRig_Mount.uasset" 59
"../../../Engine/Content/EditorMeshes/Camera/SM_CraneRig_Body.uasset" 60
"../../../Engine/Content/EditorMeshes/Camera/SM_RailRig_Track.uasset" 61
"../../../Engine/Content/EditorMeshes/Camera/SM_RailRig_Mount.uasset" 62
"../../../Engine/Content/VREditor/LaserPointer/VR_LaserPower_01.uasset" 63
"../../../Engine/Content/VREditor/TransformGizmo/TransformGizmoMaterial.uasset" 64
"../../../Engine/Content/VREditor/TransformGizmo/TranslucentTransformGizmoMaterial.uasset" 65
"../../../Engine/Content/VREditor/TransformGizmo/TranslationHandle.uasset" 66
"../../../Engine/Content/VREditor/TransformGizmo/PlaneTranslationHandle.uasset" 67
"../../../Engine/Content/VREditor/TransformGizmo/RotationHandle.uasset" 68
"../../../Engine/Content/VREditor/TransformGizmo/StretchingHandle.uasset" 69
"../../../Engine/Content/VREditor/TransformGizmo/BoundingBoxCorner.uasset" 70
"../../../Engine/Content/VREditor/TransformGizmo/BoundingBoxEdge.uasset" 71
"../../../Engine/Content/VREditor/TransformGizmo/UniformScaleHandle.uasset" 72
"../../../Engine/Content/VREditor/FloatingText/LineMaterial.uasset" 73
"../../../Engine/Content/VREditor/FloatingText/LineSegmentCylinder.uasset" 74
"../../../Engine/Content/VREditor/FloatingText/JointSphere.uasset" 75
"../../../Engine/Content/VREditor/Fonts/VRText_RobotoLarge.uasset" 76
"../../../Engine/Content/VREditor/Fonts/VRTextMaterial.uasset" 77
"../../../Engine/Content/VREditor/Fonts/TranslucentVRTextMaterial.uasset" 78
"../../../Engine/Content/VREditor/UI/SelectionBarMesh.uasset" 79
"../../../Engine/Content/VREditor/UI/CloseButtonMesh.uasset" 80
"../../../Engine/Content/Tutorial/Basics/TutorialAssets/icon_tab_Levels_40x.uasset" 81
"../../../Engine/Content/Tutorial/BlueprintTutorials/TutorialAssets/Blueprint_64x.uasset" 82
"../../../Engine/Content/Tutorial/Landscape/TutorialAssets/Landscape.uasset" 83
"../../../Engine/Content/Tutorial/Foliage/TutorialAssets/Foliage.uasset" 84
"../../../Engine/Content/Tutorial/ContentIntroCurve.uasset" 85
"../../../Engine/Plugins/2D/Paper2D/Content/PlaceholderTextures/DummySpriteTexture.uasset" 86
"../../../Engine/Plugins/2D/Paper2D/Content/DefaultSpriteMaterial.uasset" 87
"../../../Engine/Plugins/2D/Paper2D/Content/MaskedUnlitSpriteMaterial.uasset" 88
"../../../Engine/Plugins/2D/Paper2D/Content/OpaqueUnlitSpriteMaterial.uasset" 89
"../../../Engine/Plugins/2D/Paper2D/Content/DummySprite.uasset" 90
"../../../Engine/Plugins/2D/Paper2D/Content/DefaultPaperTerrainMaterial.uasset" 91
"../../../Engine/Content/EngineMaterials/RemoveSurfaceMaterial.uasset" 92
"../../../Engine/Content/EngineDebugMaterials/DebugMeshMaterial.uasset" 93
"../../../Engine/Content/EngineMaterials/InvalidLightmapSettings.uasset" 94
"../../../Engine/Content/EngineMaterials/M_InvalidLightmapSettings.uasset" 95
"../../../Engine/Content/EditorMaterials/GizmoMaterial.uasset" 96
"../../../Engine/Content/EngineMaterials/Good64x64TilingNoiseHighFreq.uasset" 97
"../../../Engine/Content/EngineMaterials/DefaultBokeh.uasset" 98
"../../../Engine/Content/EngineMaterials/PreintegratedSkinBRDF.uasset" 99
"../../../Engine/Content/EngineMaterials/MiniFont.uasset" 100
"../../../Engine/Content/EngineMaterials/WeightMapPlaceholderTexture.uasset" 101
"../../../Engine/Content/EngineMaterials/DefaultWhiteGrid.uasset" 102
"../../../Engine/Content/EngineFonts/RobotoTiny.uasset" 103
"../../../Engine/Content/EditorSounds/Notifications/CompileSuccess.uasset" 104
"../../../Engine/Content/EditorSounds/Notifications/CompileStart_Cue.uasset" 105
"../../../Engine/Content/EditorSounds/Notifications/CompileSuccess_Cue.uasset" 106
"../../../Engine/Content/EditorSounds/Notifications/CompileFailed.uasset" 107
"../../../Engine/Content/EditorSounds/Notifications/CompileFailed_Cue.uasset" 108
"../../../OpenCities/Content/Textures/Barrels/barrel_4_diffuse_result.uasset" 109
"../../../OpenCities/Content/Textures/Barrels/barrel_4_normal_result.uasset" 110
"../../../OpenCities/Content/Props/BarrelLowPoly/barrel_oil.uasset" 111
"../../../OpenCities/Content/Props/BarrelLowPoly/barrel_1.uasset" 112
"../../../OpenCities/Content/Props/BarrelLowPoly/textures/barrel_1_diffuse.uasset" 113
"../../../Engine/Content/MobileResources/HUD/MobileHUDButton2_off.uasset" 114
"../../../Engine/Content/MobileResources/HUD/T_Castle_ThumbstickOutter.uasset" 115
"../../../Engine/Content/MobileResources/HUD/MobileHUDButton1_on.uasset" 116
"../../../OpenCities/Content/Textures/Barrels/barrel_5_normal_result.uasset" 117
"../../../Engine/Content/MobileResources/HUD/MobileHUDButton1_off.uasset" 118
"../../../Engine/Content/MobileResources/HUD/T_Castle_ThumbstickInner.uasset" 119
"../../../OpenCities/Content/Heightmaps/USA/Continental_USA.uasset" 120
"../../../OpenCities/Content/Heightmaps/USA/Continental_USA_result.uasset" 121
"../../../Engine/Content/MobileResources/T_MobileControls_texture.uasset" 122
"../../../OpenCities/Content/Props/BarrelLowPoly/textures/barrel_1_height.uasset" 123
"../../../OpenCities/Content/StarterContent/Materials/M_Basic_Wall.uasset" 124
"../../../OpenCities/Content/StarterContent/Shapes/Shape_Cylinder.uasset" 125
"../../../OpenCities/Content/StarterContent/Shapes/Shape_NarrowCapsule.uasset" 126
"../../../OpenCities/Content/Textures/Barrels/barrel_3_normal_result.uasset" 127
"../../../Engine/Content/EditorResources/LightIcons/S_LightError.uasset" 128
"../../../Engine/Content/EditorResources/EmptyActor.uasset" 129
"../../../OpenCities/Content/Props/BarrelLowPoly/textures/barrel_1_normal.uasset" 130
"../../../Engine/Content/EditorMeshes/ColorCalibrator/T_ColorGrid.uasset" 131
"../../../OpenCities/Content/StarterContent/Materials/M_ColorGrid_LowSpec.uasset" 132
"../../../OpenCities/Content/StarterContent/Textures/T_Bush_D.uasset" 133
"../../../OpenCities/Content/StarterContent/Textures/T_Bush_N.uasset" 134
"../../../OpenCities/Content/StarterContent/Props/Materials/M_Bush.uasset" 135
"../../../OpenCities/Content/StarterContent/Props/SM_Bush.uasset" 136
"../../../Engine/Content/EditorResources/AudioIcons/S_AudioComponent_AutoActivate.uasset" 137
"../../../OpenCities/Content/Textures/Barrels/barrel_2_normal_result.uasset" 138
"../../../Engine/Content/MobileResources/HUD/MobileHUDDirectionStick.uasset" 139
"../../../Engine/Content/MobileResources/T_MobileMenu2.uasset" 140
"../../../Engine/Content/MobileResources/HUD/MobileHUDDirectionPad.uasset" 141
"../../../OpenCities/Content/StarterContent/Shapes/Shape_Tube.uasset" 142
"../../../OpenCities/Content/StarterContent/Shapes/Shape_TriPyramid.uasset" 143
"../../../OpenCities/Content/StarterContent/Shapes/Shape_Trim_90_Out.uasset" 144
"../../../OpenCities/Content/StarterContent/Shapes/Shape_Trim_90_In.uasset" 145
"../../../OpenCities/Content/StarterContent/Shapes/Shape_Trim.uasset" 146
"../../../OpenCities/Content/StarterContent/Shapes/Shape_Torus.uasset" 147
"../../../OpenCities/Content/StarterContent/Shapes/Shape_Plane.uasset" 148
"../../../OpenCities/Content/StarterContent/Shapes/Shape_Pipe_90.uasset" 149
"../../../OpenCities/Content/StarterContent/Shapes/Shape_Pipe_180.uasset" 150
"../../../OpenCities/Content/StarterContent/Shapes/Shape_Pipe.uasset" 151
"../../../Engine/Content/MobileResources/HUD/MobileHUDDirectionPad3.uasset" 152
"../../../Engine/Content/MobileResources/HUD/MobileHUDButton3.uasset" 153
"../../../OpenCities/Content/Textures/Barrels/barrel_2_diffuse_result.uasset" 154
"../../../OpenCities/Content/StarterContent/Shapes/Shape_Wedge_A.uasset" 155
"../../../OpenCities/Content/Textures/Barrels/barrel_3_diffuse_result.uasset" 156
"../../../Engine/Content/MobileResources/HUD/VirtualJoystick_Background.uasset" 157
"../../../Engine/Content/MobileResources/HUD/VirtualJoystick_Thumb.uasset" 158
"../../../Engine/Content/MobileResources/HUD/LeftVirtualJoystickOnly.uasset" 159
"../../../Engine/Content/MobileResources/HUD/MobileHUDButton2_on.uasset" 160
"../../../OpenCities/Content/StarterContent/Shapes/Shape_Wedge_B.uasset" 161
"../../../OpenCities/Content/Textures/Barrels/barrel_5_diffuse_result.uasset" 162
"../../../OpenCities/Content/StarterContent/Shapes/Shape_WideCapsule.uasset" 163
"../../../Engine/Content/BasicShapes/Cone.uasset" 164
"../../../Engine/Content/BasicShapes/Cylinder.uasset" 165
"../../../Engine/Content/EditorMaterials/PhAT_JointLimitMaterial.uasset" 166
"../../../Engine/Content/EditorMaterials/PreviewShadowIndicator.uasset" 167
"../../../Engine/Content/EditorMaterials/PreviewShadowIndicatorMaterial.uasset" 168
"../../../Engine/Content/EditorResources/BSPVertex.uasset" 169
"../../../Engine/Content/EditorResources/AudioIcons/S_AudioComponent.uasset" 170
"../../../Engine/Content/EngineDebugMaterials/HeatmapGradient.uasset" 171
"../../../Engine/Content/EngineDebugMaterials/BoneWeightMaterial.uasset" 172
"../../../Engine/Content/EngineDebugMaterials/GeomMaterial.uasset" 173
"../../../Engine/Content/EngineMaterials/EditorBrushMaterial.uasset" 174
"../../../Engine/Content/EngineMeshes/Cube.uasset" 175
"../../../Engine/Content/MobileResources/HUD/AnalogHat.uasset" 176
"../../../Engine/Content/MobileResources/HUD/DefaultVirtualJoysticks.uasset" 177
"../../../Engine/Content/MobileResources/HUD/MobileHUDButtonFire.uasset" 178
"../../../Engine/Content/MobileResources/HUD/MobileHUDDirectionPad2.uasset" 179
"../../../Engine/Content/Tutorial/BlueprintTutorials/TutorialAssets/BlueprintInterface_64x.uasset" 180
"../../../Engine/Content/Tutorial/BlueprintTutorials/TutorialAssets/BlueprintMacroLibrary_64x.uasset" 181
"../../../Engine/Content/Tutorial/BlueprintTutorials/TutorialAssets/Tutorial_BP_Interface.uasset" 182
"../../../Engine/Content/Tutorial/Paper2D/TutorialAssets/Paper2DFlipbook_TutorialIcon.uasset" 183
"../../../Engine/Content/Tutorial/Paper2D/TutorialAssets/Paper2DSprite_TutorialIcon.uasset" 184
"../../../Engine/Content/Tutorial/SubEditors/TutorialAssets/icon_Editor_Preferences_General_40x.uasset" 185
"../../../Engine/Content/Tutorial/SubEditors/TutorialAssets/icon_ShowSkeletalMeshes_40x.uasset" 186
"../../../Engine/Content/Tutorial/SubEditors/TutorialAssets/TutorialMaterial.uasset" 187
"../../../Engine/Content/Tutorial/SubEditors/TutorialAssets/T_SmokeSubUV_8X8.uasset" 188
"../../../Engine/Content/Tutorial/SubEditors/TutorialAssets/T_soft_smoke.uasset" 189
"../../../Engine/Content/Tutorial/SubEditors/TutorialAssets/M_smoke_subUV_blackbody.uasset" 190
"../../../Engine/Content/Tutorial/SubEditors/TutorialAssets/TutorialParticleSystem.uasset" 191
"../../../Engine/Content/EngineMaterials/WorldGridMaterial.uasset" 192
"../../../Engine/Content/EditorMeshes/EditorCube.uasset" 193
"../../../Engine/Content/Tutorial/SubEditors/TutorialAssets/Tutorial_DM.uasset" 194
"../../../OpenCities/Content/Props/BarrelLowPoly/textures/barrel_1_specular.uasset" 195
"../../../OpenCities/Content/StarterContent/Architecture/Pillar_50x500.uasset" 196
"../../../OpenCities/Content/StarterContent/Architecture/Wall_400x300.uasset" 197
"../../../OpenCities/Content/StarterContent/Architecture/Wall_400x400.uasset" 198
"../../../OpenCities/Content/StarterContent/Architecture/Wall_500x500.uasset" 199
"../../../OpenCities/Content/StarterContent/Architecture/Wall_Door_400x400.uasset" 200
"../../../OpenCities/Content/StarterContent/Architecture/Wall_Window_400x400.uasset" 201
"../../../OpenCities/Content/StarterContent/Audio/Light01_Cue.uasset" 202
"../../../OpenCities/Content/StarterContent/Audio/Light02_Cue.uasset" 203
"../../../OpenCities/Content/StarterContent/Audio/Explosion_Cue.uasset" 204
"../../../OpenCities/Content/StarterContent/Textures/T_Burst_M.uasset" 205
"../../../OpenCities/Content/StarterContent/Particles/Materials/M_Burst.uasset" 206
"../../../OpenCities/Content/StarterContent/Textures/T_Explosion_SubUV.uasset" 207
"../../../OpenCities/Content/StarterContent/Particles/Materials/M_explosion_subUV.uasset" 208
"../../../OpenCities/Content/StarterContent/Particles/Materials/m_flare_01.uasset" 209
"../../../Engine/Content/Functions/Engine_MaterialFunctions01/Gradient/RadialGradient.uasset" 210
"../../../OpenCities/Content/StarterContent/Particles/Materials/M_radial_ramp.uasset" 211
"../../../OpenCities/Content/StarterContent/Textures/T_Smoke_SubUV.uasset" 212
"../../../OpenCities/Content/StarterContent/Textures/T_Smoke_Tiled_D.uasset" 213
"../../../OpenCities/Content/StarterContent/Particles/Materials/M_smoke_subUV.uasset" 214
"../../../OpenCities/Content/StarterContent/Particles/P_Explosion.uasset" 215
"../../../OpenCities/Content/StarterContent/Blueprints/Blueprint_Effect_Explosion.uasset" 216
"../../../OpenCities/Content/StarterContent/Textures/T_Chair_M.uasset" 217
"../../../OpenCities/Content/StarterContent/Textures/T_Chair_N.uasset" 218
"../../../OpenCities/Content/StarterContent/Props/Materials/M_Chair.uasset" 219
"../../../OpenCities/Content/StarterContent/Props/SM_Couch.uasset" 220
"../../../OpenCities/Content/StarterContent/Materials/M_Glass.uasset" 221
"../../../OpenCities/Content/StarterContent/Textures/T_Door_M.uasset" 222
"../../../OpenCities/Content/StarterContent/Textures/T_Door_N.uasset" 223
"../../../OpenCities/Content/StarterContent/Props/Materials/M_Door.uasset" 224
"../../../OpenCities/Content/StarterContent/Props/SM_Door.uasset" 225
"../../../OpenCities/Content/StarterContent/Props/Materials/M_MaterialSphere.uasset" 226
"../../../OpenCities/Content/StarterContent/Props/Materials/M_MaterialSphere_Plain.uasset" 227
"../../../OpenCities/Content/StarterContent/Props/SM_MatPreviewMesh_02.uasset" 228
"../../../Engine/Content/Functions/Engine_MaterialFunctions02/Utility/BlendAngleCorrectedNormals.uasset" 229
"../../../OpenCities/Content/StarterContent/Textures/T_Detail_Rocky_N.uasset" 230
"../../../OpenCities/Content/StarterContent/Textures/T_Rock_Basalt_D.uasset" 231
"../../../OpenCities/Content/StarterContent/Textures/T_RockMesh_M.uasset" 232
"../../../OpenCities/Content/StarterContent/Textures/T_RockMesh_N.uasset" 233
"../../../OpenCities/Content/StarterContent/Props/Materials/M_Rock.uasset" 234
"../../../OpenCities/Content/StarterContent/Props/SM_Rock.uasset" 235
"../../../OpenCities/Content/StarterContent/Textures/T_Shelf_M.uasset" 236
"../../../OpenCities/Content/StarterContent/Textures/T_Shelf_N.uasset" 237
"../../../OpenCities/Content/StarterContent/Props/Materials/M_Shelf.uasset" 238
"../../../OpenCities/Content/StarterContent/Props/SM_Shelf.uasset" 239
"../../../OpenCities/Content/StarterContent/Materials/M_Basic_Floor.uasset" 240
"../../../OpenCities/Content/StarterContent/Props/SM_Stairs.uasset" 241
"../../../OpenCities/Content/StarterContent/Shapes/Shape_Cone.uasset" 242
"../../../OpenCities/Content/UI/AllLevels/ChatText.uasset" 243
"../../../OpenCities/Content/UI/AllLevels/ChatWindow.uasset" 244
"../../../OpenCities/Content/UI/AllLevels/GameplayChat.uasset" 245
"../../../OpenCities/Content/UI/Lobby/CharacterSelect.uasset" 246
"../../../OpenCities/Content/UI/Lobby/ConnectedPlayer.uasset" 247
"../../../OpenCities/Content/UI/Lobby/GameSettings.uasset" 248
"../../../OpenCities/Content/UI/Lobby/LobbyMenu.uasset" 249
"../../../OpenCities/Content/UI/Lobby/PlayerButton.uasset" 250
"../../../OpenCities/Content/UI/MainMenu/ErrorDialog.uasset" 251
"../../../Engine/Content/EditorBlueprintResources/StandardMacros.uasset" 252
"../../../Engine/Content/EngineSky/C_Sky_Cloud_Color.uasset" 253
"../../../Engine/Content/EngineSky/C_Sky_Horizon_Color.uasset" 254
"../../../Engine/Content/EngineSky/C_Sky_Zenith_Color.uasset" 255
"../../../Engine/Content/EngineSky/T_Sky_Blue.uasset" 256
"../../../Engine/Content/EngineSky/T_Sky_Clouds_M.uasset" 257
"../../../Engine/Content/EngineSky/T_Sky_Stars.uasset" 258
"../../../Engine/Content/EngineSky/M_Sky_Panning_Clouds2.uasset" 259
"../../../Engine/Content/EngineSky/SM_SkySphere.uasset" 260
"../../../Engine/Content/EngineSky/BP_Sky_Sphere.uasset" 261
"../../../OpenCities/Content/Interfaces/I_HUD.uasset" 262
"../../../OpenCities/Content/Blueprints/AllLevels/PlayerInfo.uasset" 263
"../../../OpenCities/Content/HUDs/DisplayResource_UI.uasset" 264
"../../../OpenCities/Content/Blueprints/Resources/ResourceClass.uasset" 265
"../../../OpenCities/Content/Blueprints/Gameplay/TradeDeals.uasset" 266
"../../../OpenCities/Content/Blueprints/Gameplay/MyGameState.uasset" 267
"../../../OpenCities/Content/Blueprints/AllLevels/PlayerSaveGame.uasset" 268
"../../../OpenCities/Content/Blueprints/Gameplay/BuildCategories.uasset" 269
"../../../OpenCities/Content/Blueprints/Gameplay/Resources.uasset" 270
"../../../OpenCities/Content/Blueprints/Gameplay/Builds.uasset" 271
"../../../OpenCities/Content/Blueprints/Gameplay/ResourcesNeededByCity.uasset" 272
"../../../OpenCities/Content/Textures/TexturesCom_WaterPlain0039_1_N.uasset" 273
"../../../OpenCities/Content/Textures/TexturesCom_WaterPlain0039_1_S.uasset" 274
"../../../OpenCities/Content/Materials/CrudeOil.uasset" 275
"../../../Engine/Content/BasicShapes/Sphere.uasset" 276
"../../../OpenCities/Content/Blueprints/Resources/CrudeOil1.uasset" 277
"../../../OpenCities/Content/Textures/Barrels/barrel_1_diffuse_result.uasset" 278
"../../../OpenCities/Content/Textures/Barrels/barrel_1_normal_result.uasset" 279
"../../../OpenCities/Content/Props/BarrelLowPoly/barrel_gas.uasset" 280
"../../../OpenCities/Content/Props/BarrelLowPoly/blinn1.uasset" 281
"../../../OpenCities/Content/Props/BarrelLowPoly/barrelnew.uasset" 282
"../../../OpenCities/Content/Blueprints/Resources/Gas.uasset" 283
"../../../OpenCities/Content/Blueprints/Resources/Oil.uasset" 284
"../../../OpenCities/Content/Textures/13839898_10153627380326781_701962848_o.uasset" 285
"../../../OpenCities/Content/Blueprints/Gameplay/BuildsDataTable.uasset" 286
"../../../OpenCities/Content/Blueprints/Gameplay/BuildsListForCity.uasset" 287
"../../../OpenCities/Content/Blueprints/Gameplay/OpenCitiesGameMode.uasset" 288
"../../../OpenCities/Content/Enums/MonthNames_ENUM.uasset" 289
"../../../OpenCities/Content/HUDs/ComboboxElementwImage.uasset" 290
"../../../OpenCities/Content/HUDs/BuildMenu.uasset" 291
"../../../OpenCities/Content/HUDs/TradeMenu_Scrollbox.uasset" 292
"../../../OpenCities/Content/HUDs/ComboboxElement.uasset" 293
"../../../OpenCities/Content/HUDs/TradeMenu.uasset" 294
"../../../OpenCities/Content/HUDs/MainUI_HUD.uasset" 295
"../../../OpenCities/Content/HUDs/SelectUserCity_UI.uasset" 296
"../../../OpenCities/Content/Blueprints/Gameplay/CameraPawnController.uasset" 297
"../../../OpenCities/Content/Blueprints/Gameplay/ResourcesPrice.uasset" 298
"../../../OpenCities/Content/Blueprints/Gameplay/EvilCorpPriceTable.uasset" 299
"../../../OpenCities/Content/Blueprints/FunctionLibrary.uasset" 300
"../../../Engine/Content/BasicShapes/BasicShapeMaterial.uasset" 301
"../../../OpenCities/Content/HUDs/CityHoverUI.uasset" 302
"../../../OpenCities/Content/HUDs/CityBuilds_Scrollbox.uasset" 303
"../../../OpenCities/Content/HUDs/City_HUD.uasset" 304
"../../../OpenCities/Content/Props/Cities/Bark.uasset" 305
"../../../OpenCities/Content/Props/Cities/Bark_001.uasset" 306
"../../../OpenCities/Content/Props/Cities/Bark_002.uasset" 307
"../../../OpenCities/Content/Props/Cities/Bark_003.uasset" 308
"../../../OpenCities/Content/Props/Cities/Bark_004.uasset" 309
"../../../OpenCities/Content/Props/Cities/Brick_000.uasset" 310
"../../../OpenCities/Content/Props/Cities/Brick_001.uasset" 311
"../../../OpenCities/Content/Props/Cities/Brick_002.uasset" 312
"../../../OpenCities/Content/Props/Cities/Brick_003.uasset" 313
"../../../OpenCities/Content/Props/Cities/Brick_004.uasset" 314
"../../../OpenCities/Content/Props/Cities/Brick_005.uasset" 315
"../../../OpenCities/Content/Props/Cities/Brick_006.uasset" 316
"../../../OpenCities/Content/Props/Cities/Brick_007.uasset" 317
"../../../OpenCities/Content/Props/Cities/Brick_008.uasset" 318
"../../../OpenCities/Content/Props/Cities/Brick_009.uasset" 319
"../../../OpenCities/Content/Props/Cities/Brick_010.uasset" 320
"../../../OpenCities/Content/Props/Cities/Brick_011.uasset" 321
"../../../OpenCities/Content/Props/Cities/Brick_012.uasset" 322
"../../../OpenCities/Content/Props/Cities/Brick_013.uasset" 323
"../../../OpenCities/Content/Props/Cities/Brick_014.uasset" 324
"../../../OpenCities/Content/Props/Cities/Brick_015.uasset" 325
"../../../OpenCities/Content/Props/Cities/Material_000.uasset" 326
"../../../OpenCities/Content/Props/Cities/Material_001.uasset" 327
"../../../OpenCities/Content/Props/Cities/Material_002.uasset" 328
"../../../OpenCities/Content/Props/Cities/Material_003.uasset" 329
"../../../OpenCities/Content/Props/Cities/Material_004.uasset" 330
"../../../OpenCities/Content/Props/Cities/Material_005.uasset" 331
"../../../OpenCities/Content/Props/Cities/Material_006.uasset" 332
"../../../OpenCities/Content/Props/Cities/Material_007.uasset" 333
"../../../OpenCities/Content/Props/Cities/Material_008.uasset" 334
"../../../OpenCities/Content/Props/Cities/Material_009.uasset" 335
"../../../OpenCities/Content/Props/Cities/Material_010.uasset" 336
"../../../OpenCities/Content/Props/Cities/Material_011.uasset" 337
"../../../OpenCities/Content/Props/Cities/Material_012.uasset" 338
"../../../OpenCities/Content/Props/Cities/Material_013.uasset" 339
"../../../OpenCities/Content/Props/Cities/Material_014.uasset" 340
"../../../OpenCities/Content/Props/Cities/Material_015.uasset" 341
"../../../OpenCities/Content/Props/Cities/Material_016.uasset" 342
"../../../OpenCities/Content/Props/Cities/Material_017.uasset" 343
"../../../OpenCities/Content/Props/Cities/Material_018.uasset" 344
"../../../OpenCities/Content/Props/Cities/Material_019.uasset" 345
"../../../OpenCities/Content/Props/Cities/Material_020.uasset" 346
"../../../OpenCities/Content/Props/Cities/Material_021.uasset" 347
"../../../OpenCities/Content/Props/Cities/Material_022.uasset" 348
"../../../OpenCities/Content/Props/Cities/Material_023.uasset" 349
"../../../OpenCities/Content/Props/Cities/Material_024.uasset" 350
"../../../OpenCities/Content/Props/Cities/Material_025.uasset" 351
"../../../OpenCities/Content/Props/Cities/Material_026.uasset" 352
"../../../OpenCities/Content/Props/Cities/Material_027.uasset" 353
"../../../OpenCities/Content/Props/Cities/Material_028.uasset" 354
"../../../OpenCities/Content/Props/Cities/Material_029.uasset" 355
"../../../OpenCities/Content/Props/Cities/Material_030.uasset" 356
"../../../OpenCities/Content/Props/Cities/Material_031.uasset" 357
"../../../OpenCities/Content/Props/Cities/Pavement_060.uasset" 358
"../../../OpenCities/Content/Props/Cities/Road_003.uasset" 359
"../../../OpenCities/Content/Props/Cities/Roof_000.uasset" 360
"../../../OpenCities/Content/Props/Cities/Roof_001.uasset" 361
"../../../OpenCities/Content/Props/Cities/Roof_002.uasset" 362
"../../../OpenCities/Content/Props/Cities/Roof_003.uasset" 363
"../../../OpenCities/Content/Props/Cities/Roof_004.uasset" 364
"../../../OpenCities/Content/Props/Cities/Roof_005.uasset" 365
"../../../OpenCities/Content/Props/Cities/Roof_006.uasset" 366
"../../../OpenCities/Content/Props/Cities/Roof_007.uasset" 367
"../../../OpenCities/Content/Props/Cities/Roof_008.uasset" 368
"../../../OpenCities/Content/Props/Cities/Roof_009.uasset" 369
"../../../OpenCities/Content/Props/Cities/Roof_010.uasset" 370
"../../../OpenCities/Content/Props/Cities/Roof_011.uasset" 371
"../../../OpenCities/Content/Props/Cities/Roof_012.uasset" 372
"../../../OpenCities/Content/Props/Cities/Roof_013.uasset" 373
"../../../OpenCities/Content/Props/Cities/Roof_014.uasset" 374
"../../../OpenCities/Content/Props/Cities/Roof_015.uasset" 375
"../../../OpenCities/Content/Props/Cities/SideRoof_000.uasset" 376
"../../../OpenCities/Content/Props/Cities/SideRoof_001.uasset" 377
"../../../OpenCities/Content/Props/Cities/SideRoof_002.uasset" 378
"../../../OpenCities/Content/Props/Cities/SideRoof_003.uasset" 379
"../../../OpenCities/Content/Props/Cities/SideRoof_004.uasset" 380
"../../../OpenCities/Content/Props/Cities/SideRoof_005.uasset" 381
"../../../OpenCities/Content/Props/Cities/SideRoof_006.uasset" 382
"../../../OpenCities/Content/Props/Cities/SideRoof_007.uasset" 383
"../../../OpenCities/Content/Props/Cities/SideRoof_008.uasset" 384
"../../../OpenCities/Content/Props/Cities/SideRoof_009.uasset" 385
"../../../OpenCities/Content/Props/Cities/SideRoof_010.uasset" 386
"../../../OpenCities/Content/Props/Cities/SideRoof_011.uasset" 387
"../../../OpenCities/Content/Props/Cities/SideRoof_012.uasset" 388
"../../../OpenCities/Content/Props/Cities/SideRoof_013.uasset" 389
"../../../OpenCities/Content/Props/Cities/SideRoof_014.uasset" 390
"../../../OpenCities/Content/Props/Cities/SideRoof_015.uasset" 391
"../../../OpenCities/Content/Props/Cities/Tree.uasset" 392
"../../../OpenCities/Content/Props/Cities/Tree_001.uasset" 393
"../../../OpenCities/Content/Props/Cities/Tree_002.uasset" 394
"../../../OpenCities/Content/Props/Cities/Tree_003.uasset" 395
"../../../OpenCities/Content/Props/Cities/Tree_004.uasset" 396
"../../../OpenCities/Content/Props/Cities/UnderRoof_000.uasset" 397
"../../../OpenCities/Content/Props/Cities/UnderRoof_001.uasset" 398
"../../../OpenCities/Content/Props/Cities/UnderRoof_002.uasset" 399
"../../../OpenCities/Content/Props/Cities/UnderRoof_003.uasset" 400
"../../../OpenCities/Content/Props/Cities/UnderRoof_004.uasset" 401
"../../../OpenCities/Content/Props/Cities/UnderRoof_005.uasset" 402
"../../../OpenCities/Content/Props/Cities/UnderRoof_006.uasset" 403
"../../../OpenCities/Content/Props/Cities/UnderRoof_007.uasset" 404
"../../../OpenCities/Content/Props/Cities/UnderRoof_008.uasset" 405
"../../../OpenCities/Content/Props/Cities/UnderRoof_009.uasset" 406
"../../../OpenCities/Content/Props/Cities/UnderRoof_010.uasset" 407
"../../../OpenCities/Content/Props/Cities/UnderRoof_011.uasset" 408
"../../../OpenCities/Content/Props/Cities/UnderRoof_012.uasset" 409
"../../../OpenCities/Content/Props/Cities/UnderRoof_013.uasset" 410
"../../../OpenCities/Content/Props/Cities/UnderRoof_014.uasset" 411
"../../../OpenCities/Content/Props/Cities/UnderRoof_015.uasset" 412
"../../../OpenCities/Content/Props/Cities/Windows_000.uasset" 413
"../../../OpenCities/Content/Props/Cities/Windows_001.uasset" 414
"../../../OpenCities/Content/Props/Cities/Windows_002.uasset" 415
"../../../OpenCities/Content/Props/Cities/Windows_003.uasset" 416
"../../../OpenCities/Content/Props/Cities/Windows_004.uasset" 417
"../../../OpenCities/Content/Props/Cities/Windows_005.uasset" 418
"../../../OpenCities/Content/Props/Cities/Windows_006.uasset" 419
"../../../OpenCities/Content/Props/Cities/Windows_007.uasset" 420
"../../../OpenCities/Content/Props/Cities/Windows_008.uasset" 421
"../../../OpenCities/Content/Props/Cities/Windows_009.uasset" 422
"../../../OpenCities/Content/Props/Cities/Windows_010.uasset" 423
"../../../OpenCities/Content/Props/Cities/Windows_011.uasset" 424
"../../../OpenCities/Content/Props/Cities/Windows_012.uasset" 425
"../../../OpenCities/Content/Props/Cities/Windows_013.uasset" 426
"../../../OpenCities/Content/Props/Cities/Windows_014.uasset" 427
"../../../OpenCities/Content/Props/Cities/Windows_015.uasset" 428
"../../../OpenCities/Content/Props/Cities/WindowSill2_000.uasset" 429
"../../../OpenCities/Content/Props/Cities/WindowSill2_001.uasset" 430
"../../../OpenCities/Content/Props/Cities/WindowSill2_002.uasset" 431
"../../../OpenCities/Content/Props/Cities/WindowSill2_003.uasset" 432
"../../../OpenCities/Content/Props/Cities/WindowSill2_004.uasset" 433
"../../../OpenCities/Content/Props/Cities/WindowSill2_005.uasset" 434
"../../../OpenCities/Content/Props/Cities/WindowSill2_006.uasset" 435
"../../../OpenCities/Content/Props/Cities/WindowSill2_007.uasset" 436
"../../../OpenCities/Content/Props/Cities/WindowSill2_008.uasset" 437
"../../../OpenCities/Content/Props/Cities/WindowSill2_009.uasset" 438
"../../../OpenCities/Content/Props/Cities/WindowSill2_010.uasset" 439
"../../../OpenCities/Content/Props/Cities/WindowSill2_011.uasset" 440
"../../../OpenCities/Content/Props/Cities/WindowSill2_012.uasset" 441
"../../../OpenCities/Content/Props/Cities/WindowSill2_013.uasset" 442
"../../../OpenCities/Content/Props/Cities/WindowSill2_014.uasset" 443
"../../../OpenCities/Content/Props/Cities/WindowSill2_015.uasset" 444
"../../../OpenCities/Content/Props/Cities/WindowSill_000.uasset" 445
"../../../OpenCities/Content/Props/Cities/WindowSill_001.uasset" 446
"../../../OpenCities/Content/Props/Cities/WindowSill_002.uasset" 447
"../../../OpenCities/Content/Props/Cities/WindowSill_003.uasset" 448
"../../../OpenCities/Content/Props/Cities/WindowSill_004.uasset" 449
"../../../OpenCities/Content/Props/Cities/WindowSill_005.uasset" 450
"../../../OpenCities/Content/Props/Cities/WindowSill_006.uasset" 451
"../../../OpenCities/Content/Props/Cities/WindowSill_007.uasset" 452
"../../../OpenCities/Content/Props/Cities/WindowSill_008.uasset" 453
"../../../OpenCities/Content/Props/Cities/WindowSill_009.uasset" 454
"../../../OpenCities/Content/Props/Cities/WindowSill_010.uasset" 455
"../../../OpenCities/Content/Props/Cities/WindowSill_011.uasset" 456
"../../../OpenCities/Content/Props/Cities/WindowSill_012.uasset" 457
"../../../OpenCities/Content/Props/Cities/WindowSill_013.uasset" 458
"../../../OpenCities/Content/Props/Cities/WindowSill_014.uasset" 459
"../../../OpenCities/Content/Props/Cities/WindowSill_015.uasset" 460
"../../../OpenCities/Content/Props/Cities/City_Level1.uasset" 461
"../../../OpenCities/Content/Blueprints/City.uasset" 462
"../../../OpenCities/Content/Blueprints/Characters/CameraPawn.uasset" 463
"../../../OpenCities/Content/Blueprints/Lobby/LobbyPC.uasset" 464
"../../../OpenCities/Content/Blueprints/Lobby/LobbyGM.uasset" 465
"../../../Engine/Content/MapTemplates/SM_Template_Map_Floor.uasset" 466
"../../../OpenCities/Content/Maps/Lobby.umap" 467
"../../../OpenCities/Content/StarterContent/Textures/T_MacroVariation.uasset" 468
"../../../OpenCities/Content/StarterContent/Materials/M_Metal_Brushed_Nickel.uasset" 469
"../../../OpenCities/Content/StarterContent/Textures/T_Metal_Aluminum_D.uasset" 470
"../../../OpenCities/Content/StarterContent/Textures/T_Metal_Gold_N.uasset" 471
"../../../OpenCities/Content/StarterContent/Materials/M_Metal_Burnished_Steel.uasset" 472
"../../../OpenCities/Content/StarterContent/Textures/T_Metal_Copper_D.uasset" 473
"../../../OpenCities/Content/StarterContent/Materials/M_Metal_Copper.uasset" 474
"../../../OpenCities/Content/StarterContent/Textures/T_Statue_M.uasset" 475
"../../../OpenCities/Content/StarterContent/Textures/T_Statue_N.uasset" 476
"../../../OpenCities/Content/StarterContent/Props/Materials/M_StatueGlass.uasset" 477
"../../../OpenCities/Content/StarterContent/Architecture/Floor_400x400.uasset" 478
"../../../OpenCities/Content/StarterContent/Audio/Starter_Background_Cue.uasset" 479
"../../../OpenCities/Content/StarterContent/Props/SM_Chair.uasset" 480
"../../../OpenCities/Content/StarterContent/Props/Materials/M_Statue.uasset" 481
"../../../OpenCities/Content/StarterContent/Props/SM_Statue.uasset" 482
"../../../OpenCities/Content/StarterContent/Textures/T_TableRound_M.uasset" 483
"../../../OpenCities/Content/StarterContent/Textures/T_TableRound_N.uasset" 484
"../../../OpenCities/Content/StarterContent/Props/Materials/M_TableRound.uasset" 485
"../../../OpenCities/Content/StarterContent/Props/SM_TableRound.uasset" 486
"../../../OpenCities/Content/StarterContent/Maps/Minimal_Default.umap" 487
"../../../OpenCities/Content/Datasets/CitiesRowTable.uasset" 488
"../../../OpenCities/Content/Datasets/US-CityPopLongLat1.uasset" 489
"../../../OpenCities/Content/Materials/Grass_LayerInfo.uasset" 490
"../../../OpenCities/Content/Materials/MountainTop_LayerInfo.uasset" 491
"../../../OpenCities/Content/Materials/Rock_LayerInfo.uasset" 492
"../../../OpenCities/Content/Materials/Seabed_LayerInfo.uasset" 493
"../../../OpenCities/Content/Materials/TexturesCom_Sand_w_Pebbles_2_albedo_S_result.uasset" 494
"../../../OpenCities/Content/Materials/TexturesCom_Sand_w_Pebbles_2_normalmap_S_result.uasset" 495
"../../../OpenCities/Content/StarterContent/Textures/T_Ground_Grass_D.uasset" 496
"../../../OpenCities/Content/StarterContent/Textures/T_Ground_Grass_N.uasset" 497
"../../../OpenCities/Content/StarterContent/Textures/T_Ground_Gravel_D.uasset" 498
"../../../OpenCities/Content/StarterContent/Textures/T_Ground_Gravel_N.uasset" 499
"../../../OpenCities/Content/StarterContent/Textures/T_Rock_Slate_D.uasset" 500
"../../../OpenCities/Content/StarterContent/Textures/T_Rock_Slate_N.uasset" 501
"../../../OpenCities/Content/Materials/LandscapeMat.uasset" 502
"../../../OpenCities/Content/StarterContent/Textures/T_Perlin_Noise_M.uasset" 503
"../../../OpenCities/Content/StarterContent/Textures/T_Water_M.uasset" 504
"../../../OpenCities/Content/StarterContent/Textures/T_Water_N.uasset" 505
"../../../OpenCities/Content/StarterContent/Materials/M_Water_Ocean.uasset" 506
"../../../Engine/Content/BasicShapes/Cube.uasset" 507
"../../../Engine/Content/EngineMaterials/DefaultPhysicalMaterial.uasset" 508
"../../../OpenCities/Content/Maps/USMap.umap" 509
"../../../OpenCities/Content/StarterContent/Blueprints/Assets/FogBrightnessLUT.uasset" 510
"../../../OpenCities/Content/StarterContent/Blueprints/Assets/SunlightColorLUT.uasset" 511
"../../../OpenCities/Content/StarterContent/Blueprints/Assets/M_LightStage_Arrows.uasset" 512
"../../../Engine/Content/MapTemplates/Sky/DaylightAmbientCubemap.uasset" 513
"../../../OpenCities/Content/StarterContent/Blueprints/Assets/M_LightStage_Skybox_Master.uasset" 514
"../../../OpenCities/Content/StarterContent/Blueprints/Assets/M_LightStage_Skybox_Black.uasset" 515
"../../../OpenCities/Content/StarterContent/Blueprints/Assets/M_LightStage_Skybox_HDRI.uasset" 516
"../../../Engine/Content/EditorMaterials/Thumbnails/SkySphereMaterial.uasset" 517
"../../../OpenCities/Content/StarterContent/Blueprints/Assets/Skybox.uasset" 518
"../../../OpenCities/Content/StarterContent/Blueprints/Assets/SM_Arrows.uasset" 519
"../../../OpenCities/Content/StarterContent/HDRI/HDRI_Epic_Courtyard_Daylight.uasset" 520
"../../../OpenCities/Content/StarterContent/Blueprints/BP_LightStudio.uasset" 521
"../../../OpenCities/Content/StarterContent/Materials/M_AssetPlatform.uasset" 522
"../../../Engine/Content/EditorMeshes/ColorCalibrator/M_ChromeBall.uasset" 523
"../../../Engine/Content/EditorMeshes/ColorCalibrator/M_ClearCoat.uasset" 524
"../../../Engine/Content/EditorMeshes/ColorCalibrator/M_ClearCoatBlack.uasset" 525
"../../../Engine/Content/EditorMeshes/ColorCalibrator/M_ColorGrid.uasset" 526
"../../../Engine/Content/EditorMeshes/ColorCalibrator/M_GreyBall.uasset" 527
"../../../Engine/Content/EditorMeshes/ColorCalibrator/SM_ColorCalibrator.uasset" 528
"../../../OpenCities/Content/StarterContent/Architecture/SM_AssetPlatform.uasset" 529
"../../../OpenCities/Content/StarterContent/Maps/Advanced_Lighting.umap" 530
"../../../OpenCities/Content/Maps/USMap_Smooth.umap" 531
"../../../OpenCities/Content/UI/AllLevels/LoadingScreen.uasset" 532
"../../../OpenCities/Content/UI/MainMenu/HostMenu.uasset" 533
"../../../OpenCities/Content/UI/MainMenu/MainMenu.uasset" 534
"../../../OpenCities/Content/UI/MainMenu/OptionsMenu.uasset" 535
"../../../OpenCities/Content/UI/MainMenu/ServerMenu.uasset" 536
"../../../OpenCities/Content/Blueprints/AllLevels/GameInfoInstance.uasset" 537
"../../../OpenCities/Content/Maps/MainMenu.umap" 538
"../../../OpenCities/Content/Props/Bark.uasset" 539
"../../../OpenCities/Content/Props/Tree.uasset" 540
"../../../OpenCities/Content/Props/Tree_Cartoon1.uasset" 541
"../../../OpenCities/Content/Props/Tree1.uasset" 542
"../../../OpenCities/Content/Props/PineBark_002.uasset" 543
"../../../OpenCities/Content/Props/PineLeaves_002.uasset" 544
"../../../OpenCities/Content/Props/Tree_Cartoon2.uasset" 545
"../../../OpenCities/Content/Props/Tree2.uasset" 546
"../../../OpenCities/Content/Props/Bark_002.uasset" 547
"../../../OpenCities/Content/Props/Tree_002.uasset" 548
"../../../OpenCities/Content/Props/Tree_Cartoon3.uasset" 549
"../../../OpenCities/Content/Props/Tree3.uasset" 550
"../../../OpenCities/Content/Maps/Testing.umap" 551
"../../../OpenCities/Content/Maps/TravelMap.umap" 552
"../../../OpenCities/Content/StarterContent/Audio/Fire01_Cue.uasset" 553
"../../../OpenCities/Content/StarterContent/Textures/T_Fire_SubUV.uasset" 554
"../../../OpenCities/Content/StarterContent/Textures/T_Fire_Tiled_D.uasset" 555
"../../../OpenCities/Content/StarterContent/Particles/Materials/M_Fire_SubUV.uasset" 556
"../../../OpenCities/Content/StarterContent/Particles/Materials/M_Heat_Distortion.uasset" 557
"../../../OpenCities/Content/StarterContent/Particles/Materials/M_Radial_Gradient.uasset" 558
"../../../OpenCities/Content/StarterContent/Particles/P_Fire.uasset" 559
"../../../OpenCities/Content/StarterContent/Blueprints/Blueprint_Effect_Fire.uasset" 560
"../../../OpenCities/Content/StarterContent/Audio/Smoke01_Cue.uasset" 561
"../../../OpenCities/Content/StarterContent/Particles/P_Smoke.uasset" 562
"../../../OpenCities/Content/StarterContent/Blueprints/Blueprint_Effect_Smoke.uasset" 563
"../../../OpenCities/Content/StarterContent/Audio/Fire_Sparks01_Cue.uasset" 564
"../../../OpenCities/Content/StarterContent/Textures/T_Spark_Core.uasset" 565
"../../../OpenCities/Content/StarterContent/Particles/Materials/M_Spark.uasset" 566
"../../../OpenCities/Content/StarterContent/Particles/P_Sparks.uasset" 567
"../../../OpenCities/Content/StarterContent/Blueprints/Blueprint_Effect_Sparks.uasset" 568
"../../../OpenCities/Content/StarterContent/Audio/Steam01_Cue.uasset" 569
"../../../OpenCities/Content/StarterContent/Particles/P_Steam_Lit.uasset" 570
"../../../OpenCities/Content/StarterContent/Blueprints/Blueprint_Effect_Steam.uasset" 571
"../../../OpenCities/Content/StarterContent/Textures/T_Lamp_M.uasset" 572
"../../../OpenCities/Content/StarterContent/Textures/T_Lamp_N.uasset" 573
"../../../OpenCities/Content/StarterContent/Props/Materials/M_Lamp.uasset" 574
"../../../OpenCities/Content/StarterContent/Props/SM_Lamp_Ceiling.uasset" 575
"../../../OpenCities/Content/StarterContent/Blueprints/Blueprint_CeilingLight.uasset" 576
"../../../OpenCities/Content/StarterContent/Props/SM_Lamp_Wall.uasset" 577
"../../../OpenCities/Content/StarterContent/Blueprints/Blueprint_WallSconce.uasset" 578
"../../../Engine/Content/Functions/Engine_MaterialFunctions03/Procedurals/ComputeFilterWidth.uasset" 579
"../../../Engine/Content/EngineMaterials/AntiAliasedTextMaterialTranslucent.uasset" 580
"../../../OpenCities/Content/StarterContent/Textures/T_Brick_Clay_Beveled_D.uasset" 581
"../../../OpenCities/Content/StarterContent/Textures/T_Brick_Clay_Beveled_M.uasset" 582
"../../../OpenCities/Content/StarterContent/Textures/T_Brick_Clay_Beveled_N.uasset" 583
"../../../OpenCities/Content/StarterContent/Materials/M_Brick_Clay_Beveled.uasset" 584
"../../../OpenCities/Content/StarterContent/Textures/T_Brick_Clay_New_D.uasset" 585
"../../../OpenCities/Content/StarterContent/Textures/T_Brick_Clay_New_M.uasset" 586
"../../../OpenCities/Content/StarterContent/Textures/T_Brick_Clay_New_N.uasset" 587
"../../../OpenCities/Content/StarterContent/Materials/M_Brick_Clay_New.uasset" 588
"../../../OpenCities/Content/StarterContent/Textures/T_Brick_Clay_Old_D.uasset" 589
"../../../OpenCities/Content/StarterContent/Textures/T_Brick_Clay_Old_N.uasset" 590
"../../../OpenCities/Content/StarterContent/Materials/M_Brick_Clay_Old.uasset" 591
"../../../OpenCities/Content/StarterContent/Textures/T_Brick_Cut_Stone_D.uasset" 592
"../../../OpenCities/Content/StarterContent/Textures/T_Brick_Cut_Stone_N.uasset" 593
"../../../OpenCities/Content/StarterContent/Materials/M_Brick_Cut_Stone.uasset" 594
"../../../OpenCities/Content/StarterContent/Textures/T_Brick_Hewn_Stone_D.uasset" 595
"../../../OpenCities/Content/StarterContent/Textures/T_Brick_Hewn_Stone_M.uasset" 596
"../../../OpenCities/Content/StarterContent/Textures/T_Brick_Hewn_Stone_N.uasset" 597
"../../../OpenCities/Content/StarterContent/Materials/M_Brick_Hewn_Stone.uasset" 598
"../../../OpenCities/Content/StarterContent/Textures/T_Ceramic_Tile_M.uasset" 599
"../../../OpenCities/Content/StarterContent/Textures/T_Ceramic_Tile_N.uasset" 600
"../../../OpenCities/Content/StarterContent/Textures/T_Rock_Marble_Polished_D.uasset" 601
"../../../OpenCities/Content/StarterContent/Materials/M_Ceramic_Tile_Checker.uasset" 602
"../../../OpenCities/Content/StarterContent/Textures/T_CobbleStone_Pebble_D.uasset" 603
"../../../OpenCities/Content/StarterContent/Textures/T_CobbleStone_Pebble_M.uasset" 604
"../../../OpenCities/Content/StarterContent/Textures/T_CobbleStone_Pebble_N.uasset" 605
"../../../OpenCities/Content/StarterContent/Materials/M_CobbleStone_Pebble.uasset" 606
"../../../OpenCities/Content/StarterContent/Textures/T_CobbleStone_Rough_D.uasset" 607
"../../../OpenCities/Content/StarterContent/Textures/T_CobbleStone_Rough_N.uasset" 608
"../../../OpenCities/Content/StarterContent/Textures/T_Gradinet_01.uasset" 609
"../../../OpenCities/Content/StarterContent/Textures/T_Rock_Smooth_Granite_D.uasset" 610
"../../../OpenCities/Content/StarterContent/Materials/M_CobbleStone_Rough.uasset" 611
"../../../OpenCities/Content/StarterContent/Textures/T_CobbleStone_Smooth_D.uasset" 612
"../../../OpenCities/Content/StarterContent/Textures/T_CobbleStone_Smooth_M.uasset" 613
"../../../OpenCities/Content/StarterContent/Textures/T_CobbleStone_Smooth_N.uasset" 614
"../../../OpenCities/Content/StarterContent/Materials/M_CobbleStone_Smooth.uasset" 615
"../../../OpenCities/Content/StarterContent/Textures/T_Concrete_Grime_D.uasset" 616
"../../../OpenCities/Content/StarterContent/Textures/T_Metal_Rust_N.uasset" 617
"../../../OpenCities/Content/StarterContent/Materials/M_Concrete_Grime.uasset" 618
"../../../OpenCities/Content/StarterContent/Textures/T_Concrete_Panels_D.uasset" 619
"../../../OpenCities/Content/StarterContent/Textures/T_Concrete_Panels_N.uasset" 620
"../../../OpenCities/Content/StarterContent/Materials/M_Concrete_Panels.uasset" 621
"../../../OpenCities/Content/StarterContent/Textures/T_Concrete_Poured_D.uasset" 622
"../../../OpenCities/Content/StarterContent/Textures/T_Concrete_Poured_N.uasset" 623
"../../../OpenCities/Content/StarterContent/Materials/M_Concrete_Poured.uasset" 624
"../../../OpenCities/Content/StarterContent/Textures/T_Concrete_Tiles_D.uasset" 625
"../../../OpenCities/Content/StarterContent/Textures/T_Concrete_Tiles_M.uasset" 626
"../../../OpenCities/Content/StarterContent/Textures/T_Concrete_Tiles_N.uasset" 627
"../../../OpenCities/Content/StarterContent/Textures/T_Concrete_Tiles_Variation_M.uasset" 628
"../../../OpenCities/Content/StarterContent/Materials/M_Concrete_Tiles.uasset" 629
"../../../OpenCities/Content/StarterContent/Materials/M_Ground_Grass.uasset" 630
"../../../OpenCities/Content/StarterContent/Materials/M_Ground_Gravel.uasset" 631
"../../../OpenCities/Content/StarterContent/Textures/T_ground_Moss_D.uasset" 632
"../../../OpenCities/Content/StarterContent/Textures/T_Ground_Moss_N.uasset" 633
"../../../OpenCities/Content/StarterContent/Materials/M_Ground_Moss.uasset" 634
"../../../OpenCities/Content/StarterContent/Materials/M_Metal_Chrome.uasset" 635
"../../../OpenCities/Content/StarterContent/Textures/T_Metal_Gold_D.uasset" 636
"../../../OpenCities/Content/StarterContent/Materials/M_Metal_Gold.uasset" 637
"../../../OpenCities/Content/StarterContent/Textures/T_Metal_Rust_D.uasset" 638
"../../../OpenCities/Content/StarterContent/Materials/M_Metal_Rust.uasset" 639
"../../../OpenCities/Content/StarterContent/Textures/T_Metal_Steel_D.uasset" 640
"../../../OpenCities/Content/StarterContent/Textures/T_Metal_Steel_N.uasset" 641
"../../../OpenCities/Content/StarterContent/Materials/M_Metal_Steel.uasset" 642
"../../../OpenCities/Content/StarterContent/Textures/T_Rock_Basalt_N.uasset" 643
"../../../OpenCities/Content/StarterContent/Materials/M_Rock_Basalt.uasset" 644
"../../../OpenCities/Content/StarterContent/Materials/M_Rock_Marble_Polished.uasset" 645
"../../../OpenCities/Content/StarterContent/Textures/T_Rock_Sandstone_D.uasset" 646
"../../../OpenCities/Content/StarterContent/Textures/T_Rock_Sandstone_N.uasset" 647
"../../../OpenCities/Content/StarterContent/Materials/M_Rock_Sandstone.uasset" 648
"../../../OpenCities/Content/StarterContent/Materials/M_Rock_Slate.uasset" 649
"../../../OpenCities/Content/StarterContent/Textures/T_Checker_Noise_M.uasset" 650
"../../../OpenCities/Content/StarterContent/Textures/T_Single_Tile_N.uasset" 651
"../../../OpenCities/Content/StarterContent/Textures/T_Tech_Dot_M.uasset" 652
"../../../OpenCities/Content/StarterContent/Textures/T_Tech_Dot_N.uasset" 653
"../../../OpenCities/Content/StarterContent/Materials/M_Tech_Checker_Dot.uasset" 654
"../../../OpenCities/Content/StarterContent/Textures/T_Tech_Hex_Tile_M.uasset" 655
"../../../OpenCities/Content/StarterContent/Textures/T_Tech_Hex_Tile_N.uasset" 656
"../../../OpenCities/Content/StarterContent/Materials/M_Tech_Hex_Tile.uasset" 657
"../../../OpenCities/Content/StarterContent/Materials/M_Tech_Hex_Tile_Pulse.uasset" 658
"../../../OpenCities/Content/StarterContent/Textures/T_Tech_Panel_M.uasset" 659
"../../../OpenCities/Content/StarterContent/Textures/T_Tech_Panel_N.uasset" 660
"../../../OpenCities/Content/StarterContent/Materials/M_Tech_Panel.uasset" 661
"../../../OpenCities/Content/StarterContent/Materials/M_Water_Lake.uasset" 662
"../../../OpenCities/Content/StarterContent/Textures/T_Wood_Floor_Walnut_D.uasset" 663
"../../../OpenCities/Content/StarterContent/Textures/T_Wood_Floor_Walnut_M.uasset" 664
"../../../OpenCities/Content/StarterContent/Textures/T_Wood_Floor_Walnut_N.uasset" 665
"../../../OpenCities/Content/StarterContent/Materials/M_Wood_Floor_Walnut_Polished.uasset" 666
"../../../Engine/Content/Functions/Engine_MaterialFunctions01/Opacity/AlphaOffset.uasset" 667
"../../../OpenCities/Content/StarterContent/Materials/M_Wood_Floor_Walnut_Worn.uasset" 668
"../../../OpenCities/Content/StarterContent/Textures/T_Wood_Oak_D.uasset" 669
"../../../OpenCities/Content/StarterContent/Textures/T_Wood_Oak_N.uasset" 670
"../../../OpenCities/Content/StarterContent/Materials/M_Wood_Oak.uasset" 671
"../../../OpenCities/Content/StarterContent/Textures/T_Wood_Pine_D.uasset" 672
"../../../OpenCities/Content/StarterContent/Textures/T_Wood_Pine_N.uasset" 673
"../../../OpenCities/Content/StarterContent/Materials/M_Wood_Pine.uasset" 674
"../../../OpenCities/Content/StarterContent/Textures/T_Wood_Walnut_D.uasset" 675
"../../../OpenCities/Content/StarterContent/Textures/T_Wood_Walnut_N.uasset" 676
"../../../OpenCities/Content/StarterContent/Materials/M_Wood_Walnut.uasset" 677
"../../../OpenCities/Content/StarterContent/Architecture/Wall_400x200.uasset" 678
"../../../OpenCities/Content/StarterContent/Architecture/Wall_Door_400x300.uasset" 679
"../../../OpenCities/Content/StarterContent/Architecture/Wall_Window_400x300.uasset" 680
"../../../OpenCities/Content/StarterContent/Audio/Collapse_Cue.uasset" 681
"../../../OpenCities/Content/StarterContent/Audio/Starter_Music_Cue.uasset" 682
"../../../OpenCities/Content/StarterContent/Textures/T_Dust_Particle_D.uasset" 683
"../../../OpenCities/Content/StarterContent/Particles/Materials/M_Dust_Particle.uasset" 684
"../../../OpenCities/Content/StarterContent/Particles/P_Ambient_Dust.uasset" 685
"../../../OpenCities/Content/StarterContent/Props/MaterialSphere.uasset" 686
"../../../OpenCities/Content/StarterContent/Textures/T_Frame_M.uasset" 687
"../../../OpenCities/Content/StarterContent/Textures/T_Frame_N.uasset" 688
"../../../OpenCities/Content/StarterContent/Props/Materials/M_Frame.uasset" 689
"../../../OpenCities/Content/StarterContent/Props/SM_CornerFrame.uasset" 690
"../../../OpenCities/Content/StarterContent/Props/SM_DoorFrame.uasset" 691
"../../../OpenCities/Content/StarterContent/Props/SM_GlassWindow.uasset" 692
"../../../OpenCities/Content/StarterContent/Props/SM_PillarFrame.uasset" 693
"../../../OpenCities/Content/StarterContent/Props/SM_PillarFrame300.uasset" 694
"../../../OpenCities/Content/StarterContent/Props/SM_WindowFrame.uasset" 695
"../../../OpenCities/Content/StarterContent/Shapes/Shape_Cube.uasset" 696
"../../../OpenCities/Content/StarterContent/Shapes/Shape_QuadPyramid.uasset" 697
"../../../OpenCities/Content/StarterContent/Shapes/Shape_Sphere.uasset" 698
"../../../OpenCities/Content/StarterContent/Maps/StarterMap.umap" 699
